
> pylonchat@0.1.0 build
> next build

[baseline-browser-mapping] The data in this module is over two months old.  To ensure accurate Baseline data, please update: `npm i baseline-browser-mapping@latest -D`
⚠ `eslint` configuration in next.config.js is no longer supported. See more info here: https://nextjs.org/docs/app/api-reference/cli/next#next-lint-options
⚠ Invalid next.config.js options detected: 
⚠     Unrecognized key(s) in object: 'eslint'
⚠ See more info here: https://nextjs.org/docs/messages/invalid-next-config
▲ Next.js 16.1.1 (Turbopack)
- Environments: .env
- Experiments (use with caution):
  · serverActions

⚠ The "middleware" file convention is deprecated. Please use "proxy" instead. Learn more: https://nextjs.org/docs/messages/middleware-to-proxy
  Creating an optimized production build ...
[baseline-browser-mapping] The data in this module is over two months old.  To ensure accurate Baseline data, please update: `npm i baseline-browser-mapping@latest -D`
✓ Compiled successfully in 3.9s
  Skipping validation of types
  Collecting page data using 15 workers ...
[baseline-browser-mapping] The data in this module is over two months old.  To ensure accurate Baseline data, please update: `npm i baseline-browser-mapping@latest -D`
[baseline-browser-mapping] The data in this module is over two months old.  To ensure accurate Baseline data, please update: `npm i baseline-browser-mapping@latest -D`
[baseline-browser-mapping] The data in this module is over two months old.  To ensure accurate Baseline data, please update: `npm i baseline-browser-mapping@latest -D`
[baseline-browser-mapping] The data in this module is over two months old.  To ensure accurate Baseline data, please update: `npm i baseline-browser-mapping@latest -D`
[baseline-browser-mapping] The data in this module is over two months old.  To ensure accurate Baseline data, please update: `npm i baseline-browser-mapping@latest -D`
[baseline-browser-mapping] The data in this module is over two months old.  To ensure accurate Baseline data, please update: `npm i baseline-browser-mapping@latest -D`
[baseline-browser-mapping] The data in this module is over two months old.  To ensure accurate Baseline data, please update: `npm i baseline-browser-mapping@latest -D`
[baseline-browser-mapping] The data in this module is over two months old.  To ensure accurate Baseline data, please update: `npm i baseline-browser-mapping@latest -D`
[baseline-browser-mapping] The data in this module is over two months old.  To ensure accurate Baseline data, please update: `npm i baseline-browser-mapping@latest -D`
[baseline-browser-mapping] The data in this module is over two months old.  To ensure accurate Baseline data, please update: `npm i baseline-browser-mapping@latest -D`
[baseline-browser-mapping] The data in this module is over two months old.  To ensure accurate Baseline data, please update: `npm i baseline-browser-mapping@latest -D`
[baseline-browser-mapping] The data in this module is over two months old.  To ensure accurate Baseline data, please update: `npm i baseline-browser-mapping@latest -D`
[baseline-browser-mapping] The data in this module is over two months old.  To ensure accurate Baseline data, please update: `npm i baseline-browser-mapping@latest -D`
[baseline-browser-mapping] The data in this module is over two months old.  To ensure accurate Baseline data, please update: `npm i baseline-browser-mapping@latest -D`
[baseline-browser-mapping] The data in this module is over two months old.  To ensure accurate Baseline data, please update: `npm i baseline-browser-mapping@latest -D`
  Generating static pages using 15 workers (0/41) ...
  Generating static pages using 15 workers (10/41) 
  Generating static pages using 15 workers (20/41) 
  Generating static pages using 15 workers (30/41) 
✓ Generating static pages using 15 workers (41/41) in 174.6ms
  Finalizing page optimization ...

Route (app)
┌ ○ /_not-found
├ ƒ /[locale]
├ ƒ /[locale]/about
├ ƒ /[locale]/admin/scholarships
├ ƒ /[locale]/auth/login
├ ƒ /[locale]/auth/register
├ ƒ /[locale]/blog
├ ƒ /[locale]/careers
├ ƒ /[locale]/contact
├ ƒ /[locale]/cookies
├ ƒ /[locale]/dashboard
├ ƒ /[locale]/dashboard/analytics
├ ƒ /[locale]/dashboard/billing
├ ƒ /[locale]/dashboard/chatbots
├ ƒ /[locale]/dashboard/chatbots/[chatbotId]
├ ƒ /[locale]/dashboard/chatbots/[chatbotId]/settings
├ ƒ /[locale]/dashboard/chatbots/[chatbotId]/test
├ ƒ /[locale]/dashboard/conversations
├ ƒ /[locale]/dashboard/conversations/[conversationId]
├ ƒ /[locale]/dashboard/ecommerce
├ ƒ /[locale]/dashboard/ecommerce/analytics
├ ƒ /[locale]/dashboard/ecommerce/chatbots
├ ƒ /[locale]/dashboard/education
├ ƒ /[locale]/dashboard/education/analytics
├ ƒ /[locale]/dashboard/education/chatbots
├ ƒ /[locale]/dashboard/language-schools
├ ƒ /[locale]/dashboard/pricing
├ ƒ /[locale]/dashboard/profile
├ ƒ /[locale]/dashboard/select-chatbot
├ ƒ /[locale]/dashboard/settings
├ ƒ /[locale]/dashboard/student/applications
├ ƒ /[locale]/dashboard/student/applications/new
├ ƒ /[locale]/dashboard/student/profile
├ ƒ /[locale]/dashboard/student/scholarship-applications
├ ƒ /[locale]/dashboard/student/scholarships
├ ƒ /[locale]/dashboard/student/scholarships/[id]/apply
├ ƒ /[locale]/dashboard/universities
├ ƒ /[locale]/dashboard/visa-info
├ ƒ /[locale]/demo
├ ƒ /[locale]/demo/ecommerce
├ ƒ /[locale]/demo/education
├ ƒ /[locale]/docs
├ ƒ /[locale]/docs/api
├ ƒ /[locale]/faq
├ ƒ /[locale]/gdpr
├ ƒ /[locale]/help
├ ƒ /[locale]/pricing
├ ƒ /[locale]/privacy
├ ƒ /[locale]/status
├ ƒ /[locale]/terms
├ ƒ /[locale]/test
├ ƒ /[locale]/widget-test
├ ƒ /api/admin/auth
├ ƒ /api/admin/debug-stats
├ ƒ /api/admin/debug-time
├ ƒ /api/admin/scholarship-update
├ ƒ /api/admin/send-newsletter
├ ƒ /api/auth/[...nextauth]
├ ƒ /api/auth/register
├ ƒ /api/chat
├ ƒ /api/chat/[chatbotId]
├ ƒ /api/chat/[chatbotId]/toggle
├ ƒ /api/chat/create
├ ƒ /api/chat/list
├ ƒ /api/chat/public
├ ƒ /api/chat/send
├ ƒ /api/chatbot/create
├ ƒ /api/chatbots/[chatbotId]/analytics
├ ƒ /api/chatbots/[chatbotId]/customize
├ ƒ /api/chatbots/[chatbotId]/domains
├ ƒ /api/chatbots/[chatbotId]/settings
├ ƒ /api/chatbots/[chatbotId]/toggle
├ ƒ /api/conversations
├ ƒ /api/conversations/[conversationId]
├ ƒ /api/document/[documentId]
├ ƒ /api/document/status
├ ƒ /api/document/upload
├ ƒ /api/email/send
├ ƒ /api/email/test
├ ƒ /api/language-schools
├ ƒ /api/language-schools/search
├ ƒ /api/public/chat
├ ƒ /api/scholarships
├ ƒ /api/scholarships/auto-update
├ ƒ /api/scholarships/search
├ ƒ /api/stripe/checkout
├ ƒ /api/stripe/portal
├ ƒ /api/stripe/webhook
├ ƒ /api/student/applications
├ ƒ /api/student/applications/[id]
├ ƒ /api/student/profile
├ ƒ /api/student/scholarship-applications
├ ƒ /api/student/scholarship-applications/[id]
├ ƒ /api/student/scholarship-applications/[id]/submit
├ ƒ /api/test-email
├ ƒ /api/universities
├ ƒ /api/universities/programs
├ ƒ /api/universities/ranking
├ ƒ /api/universities/search
├ ƒ /api/universities/sync
├ ƒ /api/universities/update-top1000
├ ƒ /api/user/settings
├ ƒ /api/visa-info
├ ƒ /api/widget/[identifier]/config
├ ƒ /chatbot/[chatbotId]
└ ƒ /embed/[chatbotId]


ƒ Proxy (Middleware)

○  (Static)   prerendered as static content
ƒ  (Dynamic)  server-rendered on demand

